<?xml version="1.0" encoding="UTF-8"?>
<coverage generated="1668527578321" clover="3.2.0">
  <project timestamp="1668527578321" name="All files">
    <metrics statements="38" coveredstatements="38" conditionals="12" coveredconditionals="12" methods="1" coveredmethods="1" elements="51" coveredelements="51" complexity="0" loc="38" ncloc="38" packages="1" files="1" classes="1"/>
    <file name="pigIt.js" path="/Users/harryfox/Projects/Codewars/JS/simplePigLatin/pigIt.js">
      <metrics statements="38" coveredstatements="38" conditionals="12" coveredconditionals="12" methods="1" coveredmethods="1"/>
      <line num="1" count="1" type="cond" truecount="1" falsecount="0"/>
      <line num="2" count="8" type="stmt"/>
      <line num="3" count="8" type="stmt"/>
      <line num="4" count="8" type="cond" truecount="1" falsecount="0"/>
      <line num="5" count="29" type="cond" truecount="2" falsecount="0"/>
      <line num="6" count="16" type="stmt"/>
      <line num="7" count="16" type="cond" truecount="2" falsecount="0"/>
      <line num="8" count="16" type="stmt"/>
      <line num="9" count="16" type="stmt"/>
      <line num="10" count="16" type="stmt"/>
      <line num="11" count="16" type="stmt"/>
      <line num="12" count="16" type="stmt"/>
      <line num="13" count="16" type="cond" truecount="2" falsecount="0"/>
      <line num="14" count="15" type="stmt"/>
      <line num="15" count="15" type="cond" truecount="2" falsecount="0"/>
      <line num="16" count="14" type="stmt"/>
      <line num="17" count="14" type="stmt"/>
      <line num="18" count="14" type="stmt"/>
      <line num="19" count="14" type="stmt"/>
      <line num="20" count="14" type="stmt"/>
      <line num="21" count="14" type="stmt"/>
      <line num="22" count="14" type="cond" truecount="2" falsecount="0"/>
      <line num="23" count="1" type="stmt"/>
      <line num="24" count="1" type="stmt"/>
      <line num="25" count="1" type="stmt"/>
      <line num="26" count="1" type="stmt"/>
      <line num="27" count="1" type="stmt"/>
      <line num="28" count="1" type="stmt"/>
      <line num="29" count="14" type="stmt"/>
      <line num="30" count="14" type="stmt"/>
      <line num="31" count="14" type="stmt"/>
      <line num="32" count="14" type="stmt"/>
      <line num="33" count="14" type="stmt"/>
      <line num="34" count="29" type="stmt"/>
      <line num="35" count="8" type="stmt"/>
      <line num="36" count="8" type="stmt"/>
      <line num="37" count="1" type="stmt"/>
      <line num="38" count="1" type="stmt"/>
    </file>
  </project>
</coverage>
