TN:
SF:pigIt.js
FN:1,pigIt
FNF:1
FNH:1
FNDA:8,pigIt
DA:1,1
DA:2,8
DA:3,1
DA:4,1
DA:5,7
DA:6,7
DA:7,7
DA:8,24
DA:9,15
DA:10,15
DA:11,15
DA:12,15
DA:13,15
DA:14,15
DA:15,15
DA:16,15
DA:17,15
DA:18,15
DA:19,15
DA:20,15
DA:21,15
DA:22,15
DA:23,15
DA:24,2
DA:25,2
DA:26,2
DA:27,2
DA:28,2
DA:29,2
DA:30,15
DA:31,15
DA:32,15
DA:33,15
DA:34,15
DA:35,24
DA:36,7
DA:37,7
DA:38,1
DA:39,1
LF:39
LH:39
BRDA:1,0,0,8
BRDA:2,1,0,1
BRDA:5,2,0,7
BRDA:7,3,0,24
BRDA:8,4,0,9
BRDA:10,5,0,1
BRDA:10,6,0,8
BRDA:8,7,0,15
BRDA:23,8,0,13
BRDA:23,9,0,2
BRF:10
BRH:10
end_of_record
