TN:
SF:pigIt.js
FN:1,pigIt
FNF:1
FNH:1
FNDA:8,pigIt
DA:1,1
DA:2,8
DA:3,8
DA:4,8
DA:5,29
DA:6,16
DA:7,16
DA:8,16
DA:9,16
DA:10,16
DA:11,16
DA:12,16
DA:13,16
DA:14,15
DA:15,15
DA:16,14
DA:17,14
DA:18,14
DA:19,14
DA:20,14
DA:21,14
DA:22,14
DA:23,1
DA:24,1
DA:25,1
DA:26,1
DA:27,1
DA:28,1
DA:29,14
DA:30,14
DA:31,14
DA:32,14
DA:33,14
DA:34,29
DA:35,8
DA:36,8
DA:37,1
DA:38,1
LF:38
LH:38
BRDA:1,0,0,8
BRDA:4,1,0,29
BRDA:5,2,0,13
BRDA:7,3,0,1
BRDA:7,4,0,12
BRDA:5,5,0,16
BRDA:13,6,0,1
BRDA:13,7,0,15
BRDA:15,8,0,1
BRDA:15,9,0,14
BRDA:22,10,0,13
BRDA:22,11,0,1
BRF:12
BRH:12
end_of_record
