{"/Users/harryfox/Projects/Codewars & Speed Tests/JS/ocadoPractice/solution.js": {"path":"/Users/harryfox/Projects/Codewars & Speed Tests/JS/ocadoPractice/solution.js","all":false,"statementMap":{"0":{"start":{"line":1,"column":0},"end":{"line":1,"column":25}},"1":{"start":{"line":2,"column":0},"end":{"line":2,"column":50}},"2":{"start":{"line":3,"column":0},"end":{"line":3,"column":50}},"3":{"start":{"line":4,"column":0},"end":{"line":4,"column":16}},"4":{"start":{"line":5,"column":0},"end":{"line":5,"column":2}},"5":{"start":{"line":6,"column":0},"end":{"line":6,"column":0}},"6":{"start":{"line":7,"column":0},"end":{"line":7,"column":26}}},"s":{"0":1,"1":4,"2":4,"3":4,"4":4,"5":1,"6":1},"branchMap":{"0":{"type":"branch","line":1,"loc":{"start":{"line":1,"column":18},"end":{"line":5,"column":2}},"locations":[{"start":{"line":1,"column":18},"end":{"line":5,"column":2}}]},"1":{"type":"branch","line":2,"loc":{"start":{"line":2,"column":33},"end":{"line":3,"column":5}},"locations":[{"start":{"line":2,"column":33},"end":{"line":3,"column":5}}]},"2":{"type":"branch","line":3,"loc":{"start":{"line":3,"column":33},"end":{"line":4,"column":13}},"locations":[{"start":{"line":3,"column":33},"end":{"line":4,"column":13}}]}},"b":{"0":[4],"1":[2],"2":[1]},"fnMap":{"0":{"name":"solution","decl":{"start":{"line":1,"column":18},"end":{"line":5,"column":2}},"loc":{"start":{"line":1,"column":18},"end":{"line":5,"column":2}},"line":1}},"f":{"0":4}}
}
