{"/Users/harryfox/Projects/Codewars & Speed Tests/JS/ocadoPractice/solution.js": {"path":"/Users/harryfox/Projects/Codewars & Speed Tests/JS/ocadoPractice/solution.js","all":false,"statementMap":{"0":{"start":{"line":1,"column":0},"end":{"line":1,"column":25}},"1":{"start":{"line":2,"column":0},"end":{"line":2,"column":17}},"2":{"start":{"line":3,"column":0},"end":{"line":3,"column":0}},"3":{"start":{"line":4,"column":0},"end":{"line":4,"column":44}},"4":{"start":{"line":5,"column":0},"end":{"line":5,"column":77}},"5":{"start":{"line":6,"column":0},"end":{"line":6,"column":3}},"6":{"start":{"line":7,"column":0},"end":{"line":7,"column":33}},"7":{"start":{"line":8,"column":0},"end":{"line":8,"column":0}},"8":{"start":{"line":9,"column":0},"end":{"line":9,"column":46}},"9":{"start":{"line":10,"column":0},"end":{"line":10,"column":0}},"10":{"start":{"line":11,"column":0},"end":{"line":11,"column":58}},"11":{"start":{"line":12,"column":0},"end":{"line":12,"column":39}},"12":{"start":{"line":13,"column":0},"end":{"line":13,"column":12}},"13":{"start":{"line":14,"column":0},"end":{"line":14,"column":45}},"14":{"start":{"line":15,"column":0},"end":{"line":15,"column":58}},"15":{"start":{"line":16,"column":0},"end":{"line":16,"column":31}},"16":{"start":{"line":17,"column":0},"end":{"line":17,"column":61}},"17":{"start":{"line":18,"column":0},"end":{"line":18,"column":50}},"18":{"start":{"line":19,"column":0},"end":{"line":19,"column":11}},"19":{"start":{"line":20,"column":0},"end":{"line":20,"column":5}},"20":{"start":{"line":21,"column":0},"end":{"line":21,"column":49}},"21":{"start":{"line":22,"column":0},"end":{"line":22,"column":43}},"22":{"start":{"line":23,"column":0},"end":{"line":23,"column":33}},"23":{"start":{"line":24,"column":0},"end":{"line":24,"column":5}},"24":{"start":{"line":25,"column":0},"end":{"line":25,"column":4}},"25":{"start":{"line":26,"column":0},"end":{"line":26,"column":3}},"26":{"start":{"line":27,"column":0},"end":{"line":27,"column":2}},"27":{"start":{"line":28,"column":0},"end":{"line":28,"column":0}},"28":{"start":{"line":29,"column":0},"end":{"line":29,"column":15}},"29":{"start":{"line":30,"column":0},"end":{"line":30,"column":2}},"30":{"start":{"line":31,"column":0},"end":{"line":31,"column":0}},"31":{"start":{"line":32,"column":0},"end":{"line":32,"column":26}}},"s":{"0":1,"1":8,"2":8,"3":8,"4":142,"5":142,"6":8,"7":8,"8":8,"9":8,"10":8,"11":40,"12":23,"13":23,"14":23,"15":23,"16":23,"17":51,"18":23,"19":23,"20":28,"21":28,"22":28,"23":28,"24":51,"25":23,"26":40,"27":8,"28":8,"29":8,"30":1,"31":1},"branchMap":{"0":{"type":"branch","line":1,"loc":{"start":{"line":1,"column":18},"end":{"line":30,"column":2}},"locations":[{"start":{"line":1,"column":18},"end":{"line":30,"column":2}}]},"1":{"type":"branch","line":11,"loc":{"start":{"line":11,"column":57},"end":{"line":27,"column":2}},"locations":[{"start":{"line":11,"column":57},"end":{"line":27,"column":2}}]},"2":{"type":"branch","line":12,"loc":{"start":{"line":12,"column":38},"end":{"line":14,"column":9}},"locations":[{"start":{"line":12,"column":38},"end":{"line":14,"column":9}}]},"3":{"type":"branch","line":12,"loc":{"start":{"line":12,"column":2},"end":{"line":26,"column":3}},"locations":[{"start":{"line":12,"column":2},"end":{"line":26,"column":3}}]},"4":{"type":"branch","line":17,"loc":{"start":{"line":17,"column":60},"end":{"line":25,"column":4}},"locations":[{"start":{"line":17,"column":60},"end":{"line":25,"column":4}}]},"5":{"type":"branch","line":18,"loc":{"start":{"line":18,"column":49},"end":{"line":20,"column":5}},"locations":[{"start":{"line":18,"column":49},"end":{"line":20,"column":5}}]},"6":{"type":"branch","line":21,"loc":{"start":{"line":21,"column":-1},"end":{"line":24,"column":5}},"locations":[{"start":{"line":21,"column":-1},"end":{"line":24,"column":5}}]},"7":{"type":"branch","line":4,"loc":{"start":{"line":4,"column":30},"end":{"line":6,"column":3}},"locations":[{"start":{"line":4,"column":30},"end":{"line":6,"column":3}}]}},"b":{"0":[8],"1":[40],"2":[17],"3":[23],"4":[51],"5":[23],"6":[28],"7":[142]},"fnMap":{"0":{"name":"solution","decl":{"start":{"line":1,"column":18},"end":{"line":30,"column":2}},"loc":{"start":{"line":1,"column":18},"end":{"line":30,"column":2}},"line":1},"1":{"name":"consecutiveVelEqual","decl":{"start":{"line":4,"column":30},"end":{"line":6,"column":3}},"loc":{"start":{"line":4,"column":30},"end":{"line":6,"column":3}},"line":4}},"f":{"0":8,"1":142}}
}
