TN:
SF:solution.js
FN:1,solution
FN:2,velocitiesEqual
FNF:2
FNH:2
FNDA:7,solution
FNDA:158,velocitiesEqual
DA:1,1
DA:2,7
DA:3,158
DA:4,158
DA:5,158
DA:6,158
DA:7,158
DA:8,7
DA:9,7
DA:10,7
DA:11,7
DA:12,19
DA:13,85
DA:14,32
DA:15,32
DA:16,73
DA:17,73
DA:18,45
DA:19,45
DA:20,45
DA:21,45
DA:22,73
DA:23,32
DA:24,85
DA:25,19
DA:26,7
DA:27,7
DA:28,7
DA:29,1
DA:30,1
LF:30
LH:30
BRDA:1,0,0,7
BRDA:11,1,0,19
BRDA:12,2,0,85
BRDA:13,3,0,32
BRDA:15,4,0,73
BRDA:17,5,0,45
BRDA:2,6,0,158
BRF:7
BRH:7
end_of_record
