TN:
SF:solution.js
FN:1,solution
FN:4,consecutiveVelEqual
FNF:2
FNH:2
FNDA:8,solution
FNDA:142,consecutiveVelEqual
DA:1,1
DA:2,8
DA:3,8
DA:4,8
DA:5,142
DA:6,142
DA:7,8
DA:8,8
DA:9,8
DA:10,8
DA:11,8
DA:12,40
DA:13,23
DA:14,23
DA:15,23
DA:16,23
DA:17,23
DA:18,51
DA:19,23
DA:20,23
DA:21,28
DA:22,28
DA:23,28
DA:24,28
DA:25,51
DA:26,23
DA:27,40
DA:28,8
DA:29,8
DA:30,8
DA:31,1
DA:32,1
LF:32
LH:32
BRDA:1,0,0,8
BRDA:11,1,0,40
BRDA:12,2,0,17
BRDA:12,3,0,23
BRDA:17,4,0,51
BRDA:18,5,0,23
BRDA:21,6,0,28
BRDA:4,7,0,142
BRF:8
BRH:8
end_of_record
