{"/Users/harryfox/Projects/Codewars/JS/duplicateEncoder/duplicateEncoder.js": {"path":"/Users/harryfox/Projects/Codewars/JS/duplicateEncoder/duplicateEncoder.js","all":false,"statementMap":{"0":{"start":{"line":1,"column":0},"end":{"line":1,"column":33}},"1":{"start":{"line":2,"column":0},"end":{"line":2,"column":30}},"2":{"start":{"line":3,"column":0},"end":{"line":3,"column":30}},"3":{"start":{"line":4,"column":0},"end":{"line":4,"column":23}},"4":{"start":{"line":5,"column":0},"end":{"line":5,"column":18}},"5":{"start":{"line":6,"column":0},"end":{"line":6,"column":41}},"6":{"start":{"line":7,"column":0},"end":{"line":7,"column":44}},"7":{"start":{"line":8,"column":0},"end":{"line":8,"column":34}},"8":{"start":{"line":9,"column":0},"end":{"line":9,"column":44}},"9":{"start":{"line":10,"column":0},"end":{"line":10,"column":39}},"10":{"start":{"line":11,"column":0},"end":{"line":11,"column":22}},"11":{"start":{"line":12,"column":0},"end":{"line":12,"column":23}},"12":{"start":{"line":13,"column":0},"end":{"line":13,"column":2}},"13":{"start":{"line":14,"column":0},"end":{"line":14,"column":25}},"14":{"start":{"line":15,"column":0},"end":{"line":15,"column":2}},"15":{"start":{"line":16,"column":0},"end":{"line":16,"column":0}},"16":{"start":{"line":17,"column":0},"end":{"line":17,"column":34}}},"s":{"0":1,"1":4,"2":4,"3":4,"4":4,"5":4,"6":20,"7":20,"8":20,"9":20,"10":10,"11":20,"12":20,"13":4,"14":4,"15":1,"16":1},"branchMap":{"0":{"type":"branch","line":1,"loc":{"start":{"line":1,"column":26},"end":{"line":15,"column":2}},"locations":[{"start":{"line":1,"column":26},"end":{"line":15,"column":2}}]},"1":{"type":"branch","line":6,"loc":{"start":{"line":6,"column":40},"end":{"line":13,"column":2}},"locations":[{"start":{"line":6,"column":40},"end":{"line":13,"column":2}}]},"2":{"type":"branch","line":10,"loc":{"start":{"line":10,"column":2},"end":{"line":11,"column":12}},"locations":[{"start":{"line":10,"column":2},"end":{"line":11,"column":12}}]},"3":{"type":"branch","line":10,"loc":{"start":{"line":10,"column":2},"end":{"line":12,"column":12}},"locations":[{"start":{"line":10,"column":2},"end":{"line":12,"column":12}}]}},"b":{"0":[4],"1":[20],"2":[10],"3":[10]},"fnMap":{"0":{"name":"duplicateEncoder","decl":{"start":{"line":1,"column":26},"end":{"line":15,"column":2}},"loc":{"start":{"line":1,"column":26},"end":{"line":15,"column":2}},"line":1}},"f":{"0":4}}
}
