{"/Users/harryfox/Projects/Codewars/JS/duplicateEncoder/duplicateEncoder.js": {"path":"/Users/harryfox/Projects/Codewars/JS/duplicateEncoder/duplicateEncoder.js","all":false,"statementMap":{"0":{"start":{"line":1,"column":0},"end":{"line":1,"column":38}},"1":{"start":{"line":2,"column":0},"end":{"line":2,"column":14}},"2":{"start":{"line":3,"column":0},"end":{"line":3,"column":2}},"3":{"start":{"line":4,"column":0},"end":{"line":4,"column":0}},"4":{"start":{"line":5,"column":0},"end":{"line":5,"column":34}}},"s":{"0":1,"1":1,"2":1,"3":1,"4":1},"branchMap":{"0":{"type":"branch","line":1,"loc":{"start":{"line":1,"column":26},"end":{"line":3,"column":2}},"locations":[{"start":{"line":1,"column":26},"end":{"line":3,"column":2}}]}},"b":{"0":[1]},"fnMap":{"0":{"name":"duplicateEncoder","decl":{"start":{"line":1,"column":26},"end":{"line":3,"column":2}},"loc":{"start":{"line":1,"column":26},"end":{"line":3,"column":2}},"line":1}},"f":{"0":1}}
}
